<?xml version="1.0" encoding="UTF-8"?>
<testng-results skipped="0" failed="1" ignored="0" total="1" passed="0">
  <reporter-output>
  </reporter-output>
  <suite name="Default suite" duration-ms="8739" started-at="2022-02-15T07:21:03 IST" finished-at="2022-02-15T07:21:11 IST">
    <groups>
    </groups>
    <test name="Default test" duration-ms="8739" started-at="2022-02-15T07:21:03 IST" finished-at="2022-02-15T07:21:11 IST">
      <class name="in.amazon.tests.AmazonHomepageTests">
        <test-method status="PASS" signature="preSetup()[pri:0, instance:in.amazon.tests.AmazonHomepageTests@612679d6]" name="preSetup" is-config="true" duration-ms="117" started-at="2022-02-15T07:21:02 IST" finished-at="2022-02-15T07:21:03 IST">
          <reporter-output>
          </reporter-output>
        </test-method> <!-- preSetup -->
        <test-method status="PASS" signature="setUp()[pri:0, instance:in.amazon.tests.AmazonHomepageTests@612679d6]" name="setUp" is-config="true" duration-ms="4697" started-at="2022-02-15T07:21:03 IST" finished-at="2022-02-15T07:21:07 IST">
          <reporter-output>
          </reporter-output>
        </test-method> <!-- setUp -->
        <test-method status="FAIL" signature="VerifySearchProduct()[pri:0, instance:in.amazon.tests.AmazonHomepageTests@612679d6]" name="VerifySearchProduct" duration-ms="2813" started-at="2022-02-15T07:21:07 IST" finished-at="2022-02-15T07:21:10 IST">
          <exception class="java.lang.AssertionError">
            <message>
              <![CDATA[expected [1-16 of 41 results for "Apple watch"] but found [24 results for "Apple Watch"
Sort by:
        
            Featured
        
            Price: Low to High
        
            Price: High to Low
        
            Avg. Customer Review
        
            Newest Arrivals
        
    Sort by:Featured]]]>
            </message>
            <full-stacktrace>
              <![CDATA[java.lang.AssertionError: expected [1-16 of 41 results for "Apple watch"] but found [24 results for "Apple Watch"
Sort by:
        
            Featured
        
            Price: Low to High
        
            Price: High to Low
        
            Avg. Customer Review
        
            Newest Arrivals
        
    Sort by:Featured]
at org.testng.Assert.fail(Assert.java:110)
at org.testng.Assert.failNotEquals(Assert.java:1413)
at org.testng.Assert.assertEqualsImpl(Assert.java:149)
at org.testng.Assert.assertEquals(Assert.java:131)
at org.testng.Assert.assertEquals(Assert.java:655)
at org.testng.Assert.assertEquals(Assert.java:665)
at in.amazon.tests.AmazonHomepageTests.VerifySearchProduct(AmazonHomepageTests.java:25)
at sun.reflect.NativeMethodAccessorImpl.invoke0(Native Method)
at sun.reflect.NativeMethodAccessorImpl.invoke(Unknown Source)
at sun.reflect.DelegatingMethodAccessorImpl.invoke(Unknown Source)
at java.lang.reflect.Method.invoke(Unknown Source)
at org.testng.internal.invokers.MethodInvocationHelper.invokeMethod(MethodInvocationHelper.java:135)
at org.testng.internal.invokers.TestInvoker.invokeMethod(TestInvoker.java:673)
at org.testng.internal.invokers.TestInvoker.invokeTestMethod(TestInvoker.java:220)
at org.testng.internal.invokers.MethodRunner.runInSequence(MethodRunner.java:50)
at org.testng.internal.invokers.TestInvoker$MethodInvocationAgent.invoke(TestInvoker.java:945)
at org.testng.internal.invokers.TestInvoker.invokeTestMethods(TestInvoker.java:193)
at org.testng.internal.invokers.TestMethodWorker.invokeTestMethods(TestMethodWorker.java:146)
at org.testng.internal.invokers.TestMethodWorker.run(TestMethodWorker.java:128)
at java.util.ArrayList.forEach(Unknown Source)
at org.testng.TestRunner.privateRun(TestRunner.java:808)
at org.testng.TestRunner.run(TestRunner.java:603)
at org.testng.SuiteRunner.runTest(SuiteRunner.java:429)
at org.testng.SuiteRunner.runSequentially(SuiteRunner.java:423)
at org.testng.SuiteRunner.privateRun(SuiteRunner.java:383)
at org.testng.SuiteRunner.run(SuiteRunner.java:326)
at org.testng.SuiteRunnerWorker.runSuite(SuiteRunnerWorker.java:52)
at org.testng.SuiteRunnerWorker.run(SuiteRunnerWorker.java:95)
at org.testng.TestNG.runSuitesSequentially(TestNG.java:1249)
at org.testng.TestNG.runSuitesLocally(TestNG.java:1169)
at org.testng.TestNG.runSuites(TestNG.java:1092)
at org.testng.TestNG.run(TestNG.java:1060)
at org.testng.remote.AbstractRemoteTestNG.run(AbstractRemoteTestNG.java:115)
at org.testng.remote.RemoteTestNG.initAndRun(RemoteTestNG.java:251)
at org.testng.remote.RemoteTestNG.main(RemoteTestNG.java:77)
]]>
            </full-stacktrace>
          </exception> <!-- java.lang.AssertionError -->
          <reporter-output>
          </reporter-output>
        </test-method> <!-- VerifySearchProduct -->
        <test-method status="PASS" signature="cleanUp(org.testng.ITestResult)[pri:0, instance:in.amazon.tests.AmazonHomepageTests@612679d6]" name="cleanUp" is-config="true" duration-ms="1187" started-at="2022-02-15T07:21:10 IST" finished-at="2022-02-15T07:21:11 IST">
          <params>
            <param index="0">
              <value>
                <![CDATA[[TestResult name=VerifySearchProduct status=FAILURE method=AmazonHomepageTests.VerifySearchProduct()[pri:0, instance:in.amazon.tests.AmazonHomepageTests@612679d6] output={null}]]]>
              </value>
            </param>
          </params>
          <reporter-output>
          </reporter-output>
        </test-method> <!-- cleanUp -->
        <test-method status="PASS" signature="postCleanUp()[pri:0, instance:in.amazon.tests.AmazonHomepageTests@612679d6]" name="postCleanUp" is-config="true" duration-ms="382" started-at="2022-02-15T07:21:11 IST" finished-at="2022-02-15T07:21:12 IST">
          <reporter-output>
          </reporter-output>
        </test-method> <!-- postCleanUp -->
      </class> <!-- in.amazon.tests.AmazonHomepageTests -->
    </test> <!-- Default test -->
  </suite> <!-- Default suite -->
</testng-results>
